[debug] [2025-09-07T16:24:45.000Z] ----------------------------------------------------------------------
[debug] [2025-09-07T16:24:45.004Z] Command:       C:\Program Files\nodejs\node.exe C:\Users\MARCE\AppData\Roaming\npm\node_modules\firebase-tools\lib\bin\firebase.js deploy --force --project crazypuzzlecrazy
[debug] [2025-09-07T16:24:45.005Z] CLI Version:   14.15.1
[debug] [2025-09-07T16:24:45.005Z] Platform:      win32
[debug] [2025-09-07T16:24:45.005Z] Node Version:  v22.12.0
[debug] [2025-09-07T16:24:45.006Z] Time:          Sun Sep 07 2025 17:24:45 GMT+0100 (British Summer Time)
[debug] [2025-09-07T16:24:45.006Z] ----------------------------------------------------------------------
[debug] 
[debug] [2025-09-07T16:24:45.225Z] > command requires scopes: ["email","openid","https://www.googleapis.com/auth/cloudplatformprojects.readonly","https://www.googleapis.com/auth/firebase","https://www.googleapis.com/auth/cloud-platform"]
[debug] [2025-09-07T16:24:45.226Z] > authorizing via signed-in user (skepee01@gmail.com)
[debug] [2025-09-07T16:24:45.226Z] [iam] checking project crazypuzzlecrazy for permissions ["firebase.projects.get","firebasehosting.sites.update"]
[debug] [2025-09-07T16:24:45.227Z] Checked if tokens are valid: true, expires at: 1757265787937
[debug] [2025-09-07T16:24:45.227Z] Checked if tokens are valid: true, expires at: 1757265787937
[debug] [2025-09-07T16:24:45.228Z] >>> [apiv2][query] POST https://cloudresourcemanager.googleapis.com/v1/projects/crazypuzzlecrazy:testIamPermissions [none]
[debug] [2025-09-07T16:24:45.228Z] >>> [apiv2][(partial)header] POST https://cloudresourcemanager.googleapis.com/v1/projects/crazypuzzlecrazy:testIamPermissions x-goog-quota-user=projects/crazypuzzlecrazy
[debug] [2025-09-07T16:24:45.228Z] >>> [apiv2][body] POST https://cloudresourcemanager.googleapis.com/v1/projects/crazypuzzlecrazy:testIamPermissions {"permissions":["firebase.projects.get","firebasehosting.sites.update"]}
[debug] [2025-09-07T16:24:48.287Z] <<< [apiv2][status] POST https://cloudresourcemanager.googleapis.com/v1/projects/crazypuzzlecrazy:testIamPermissions 200
[debug] [2025-09-07T16:24:48.288Z] <<< [apiv2][body] POST https://cloudresourcemanager.googleapis.com/v1/projects/crazypuzzlecrazy:testIamPermissions {"permissions":["firebase.projects.get","firebasehosting.sites.update"]}
[debug] [2025-09-07T16:24:48.289Z] Checked if tokens are valid: true, expires at: 1757265787937
[debug] [2025-09-07T16:24:48.290Z] Checked if tokens are valid: true, expires at: 1757265787937
[debug] [2025-09-07T16:24:48.290Z] >>> [apiv2][query] GET https://firebase.googleapis.com/v1beta1/projects/crazypuzzlecrazy [none]
[debug] [2025-09-07T16:25:00.605Z] *** [apiv2] error from fetch(https://firebase.googleapis.com/v1beta1/projects/crazypuzzlecrazy, {"headers":{},"method":"GET","signal":{}}): FetchError: request to https://firebase.googleapis.com/v1beta1/projects/crazypuzzlecrazy failed, reason: socket hang up
[debug] [2025-09-07T16:25:00.605Z] Failed to make request to https://firebase.googleapis.com/v1beta1/projects/crazypuzzlecrazy (original: request to https://firebase.googleapis.com/v1beta1/projects/crazypuzzlecrazy failed, reason: socket hang up)
[error] 
[error] Error: Assertion failed: resolving hosting target of a site with no site name or target name. This should have caused an error earlier
